Build started 31/05/2017 14:54:49.
     1>Project "C:\Users\uezo.UEZOLAB\Desktop\CompGrafTrabAv2\CompGrafTrabAv2\CompGrafTrabAv2.vcxproj" on node 2 (build target(s)).
     1>InitializeBuildStatus:
         Creating "Debug\CompGrafTrabAv2.unsuccessfulbuild" because "AlwaysCreate" was specified.
       ClCompile:
         c:\Program Files (x86)\Microsoft Visual Studio 10.0\VC\bin\CL.exe /c /ZI /nologo /W3 /WX- /Od /Oy- /D WIN32 /D _DEBUG /D _CONSOLE /D _UNICODE /D UNICODE /Gm /EHsc /RTC1 /MDd /GS /fp:precise /Zc:wchar_t /Zc:forScope /Fo"Debug\\" /Fd"Debug\vc100.pdb" /Gd /TP /analyze- /errorReport:prompt rectangles.cpp
         rectangles.cpp
       Link:
         c:\Program Files (x86)\Microsoft Visual Studio 10.0\VC\bin\link.exe /ERRORREPORT:PROMPT /OUT:"C:\Users\uezo.UEZOLAB\Desktop\CompGrafTrabAv2\Debug\CompGrafTrabAv2.exe" /INCREMENTAL:NO /NOLOGO kernel32.lib user32.lib gdi32.lib winspool.lib comdlg32.lib advapi32.lib shell32.lib ole32.lib oleaut32.lib uuid.lib odbc32.lib odbccp32.lib /MANIFEST /ManifestFile:"Debug\CompGrafTrabAv2.exe.intermediate.manifest" /MANIFESTUAC:"level='asInvoker' uiAccess='false'" /DEBUG /PDB:"C:\Users\uezo.UEZOLAB\Desktop\CompGrafTrabAv2\Debug\CompGrafTrabAv2.pdb" /SUBSYSTEM:CONSOLE /TLBID:1 /DYNAMICBASE /NXCOMPAT /IMPLIB:"C:\Users\uezo.UEZOLAB\Desktop\CompGrafTrabAv2\Debug\CompGrafTrabAv2.lib" /MACHINE:X86 Debug\rectangles.obj
         Debug\saturn.obj
     1>rectangles.obj : warning LNK4075: ignoring '/EDITANDCONTINUE' due to '/INCREMENTAL:NO' specification
         CompGrafTrabAv2.vcxproj -> C:\Users\uezo.UEZOLAB\Desktop\CompGrafTrabAv2\Debug\CompGrafTrabAv2.exe
       Manifest:
         c:\Program Files (x86)\Microsoft SDKs\Windows\v7.0A\bin\mt.exe /nologo /verbose /outputresource:"C:\Users\uezo.UEZOLAB\Desktop\CompGrafTrabAv2\Debug\CompGrafTrabAv2.exe;#1" /manifest Debug\CompGrafTrabAv2.exe.intermediate.manifest
       FinalizeBuildStatus:
         Deleting file "Debug\CompGrafTrabAv2.unsuccessfulbuild".
         Touching "Debug\CompGrafTrabAv2.lastbuildstate".
     1>Done Building Project "C:\Users\uezo.UEZOLAB\Desktop\CompGrafTrabAv2\CompGrafTrabAv2\CompGrafTrabAv2.vcxproj" (build target(s)).

Build succeeded.

Time Elapsed 00:00:00.28
